\BOOKMARK [1][-]{section.1}{\376\377\000R\000e\000q\000u\000i\000r\000e\000m\000e\000n\000t\000\040\000e\000l\000i\000c\000i\000t\000a\000t\000i\000o\000n}{}% 1
\BOOKMARK [2][-]{subsection.1.1}{\376\377\000M\000\364\000\040\000t\036\243\000\040\000c\000h\000u\000n\000g}{section.1}% 2
\BOOKMARK [2][-]{subsection.1.2}{\376\377\000C\000\341\000c\000\040\000S\000t\000a\000k\000e\000h\000o\000l\000d\000e\000r\000s\000\040\000l\000i\000\352\000n\000\040\000q\000u\000a\000n\000\040\000t\000r\000o\000n\000g\000\040\000d\036\361\000\040\000\341\000n}{section.1}% 3
\BOOKMARK [3][-]{subsubsection.1.2.1}{\376\377\000C\000\341\000c\000\040\000S\000t\000a\000k\000e\000h\000o\000l\000d\000e\000r\000s}{subsection.1.2}% 4
\BOOKMARK [3][-]{subsubsection.1.2.2}{\376\377\000N\000h\036\357\000n\000g\000\040\000m\000o\000n\000g\000\040\000m\000u\036\321\000n\000\040\000c\036\347\000a\000\040\000c\000\341\000c\000\040\000b\000\352\000n\000\040\000l\000i\000\352\000n\000\040\000q\000u\000a\000n}{subsection.1.2}% 5
\BOOKMARK [2][-]{subsection.1.3}{\376\377\000Y\000\352\000u\000\040\000c\036\247\000u\000\040\000c\000h\036\351\000c\000\040\000n\001\003\000n\000g\000\040\000v\000\340\000\040\000P\000h\000i\000\040\000c\000h\036\351\000c\000\040\000n\001\003\000n\000g}{section.1}% 6
\BOOKMARK [3][-]{subsubsection.1.3.1}{\376\377\000Y\000\352\000u\000\040\000c\036\247\000u\000\040\000c\000h\036\351\000c\000\040\000n\001\003\000n\000g\000\040\000-\000\040\000F\000u\000n\000c\000t\000i\000o\000n\000a\000l\000\040\000R\000e\000q\000u\000i\000r\000e\000m\000e\000n\000t\000s}{subsection.1.3}% 7
\BOOKMARK [3][-]{subsubsection.1.3.2}{\376\377\000Y\000\352\000u\000\040\000c\036\247\000u\000\040\000p\000h\000i\000\040\000c\000h\036\351\000c\000\040\000n\001\003\000n\000g\000\040\000-\000\040\000N\000o\000n\000-\000f\000u\000n\000c\000t\000i\000o\000n\000a\000l\000\040\000R\000e\000q\000u\000i\000r\000e\000m\000e\000n\000t\000s}{subsection.1.3}% 8
\BOOKMARK [1][-]{section.2}{\376\377\000U\000s\000e\000-\000c\000a\000s\000e\000\040\000D\000i\000a\000g\000r\000a\000m}{}% 9
\BOOKMARK [2][-]{subsection.2.1}{\376\377\000U\000s\000e\000-\000c\000a\000s\000e\000\040\000h\036\307\000\040\000t\000h\036\321\000n\000g}{section.2}% 10
\BOOKMARK [2][-]{subsection.2.2}{\376\377\000U\000s\000e\000-\000c\000a\000s\000e\000\040\000x\000\341\000c\000\040\000t\000h\036\361\000c}{section.2}% 11
\BOOKMARK [2][-]{subsection.2.3}{\376\377\000U\000s\000e\000-\000c\000a\000s\000e\000\040\000g\036\343\000i\000\040\000\375\000\040\000m\000\363\000n\000\040\001\003\000n\000\040\000\050\000F\000o\000o\000d\000\040\000S\000u\000g\000g\000e\000s\000t\000i\000o\000n\000\051}{section.2}% 12
\BOOKMARK [1][-]{section.3}{\376\377\000A\000p\000p\000r\000o\000p\000r\000i\000a\000t\000e\000\040\000f\000r\000a\000m\000e\000w\000o\000r\000k\000\040\000a\000n\000d\000\040\000t\000e\000c\000h\000n\000o\000l\000o\000g\000y}{}% 13
\BOOKMARK [2][-]{subsection.3.1}{\376\377\000K\000o\000t\000l\000i\000n}{section.3}% 14
\BOOKMARK [3][-]{subsubsection.3.1.1}{\376\377\000G\000i\036\333\000i\000\040\000t\000h\000i\036\307\000u}{subsection.3.1}% 15
\BOOKMARK [3][-]{subsubsection.3.1.2}{\376\377\001\257\000u\000\040\001\021\000i\036\303\000m}{subsection.3.1}% 16
\BOOKMARK [3][-]{subsubsection.3.1.3}{\376\377\000N\000h\001\260\036\343\000c\000\040\001\021\000i\036\303\000m}{subsection.3.1}% 17
\BOOKMARK [2][-]{subsection.3.2}{\376\377\000R\000e\000a\000c\000t\000\040\000N\000a\000t\000i\000v\000e}{section.3}% 18
\BOOKMARK [3][-]{subsubsection.3.2.1}{\376\377\000G\000i\036\333\000i\000\040\000t\000h\000i\036\307\000u}{subsection.3.2}% 19
\BOOKMARK [3][-]{subsubsection.3.2.2}{\376\377\001\257\000u\000\040\001\021\000i\036\303\000m}{subsection.3.2}% 20
\BOOKMARK [3][-]{subsubsection.3.2.3}{\376\377\000N\000h\001\260\036\343\000c\000\040\001\021\000i\036\303\000m}{subsection.3.2}% 21
\BOOKMARK [1][-]{section.4}{\376\377\000M\000o\000c\000k\000u\000p\000\040\000U\000I}{}% 22
\BOOKMARK [2][-]{subsection.4.1}{\376\377\000G\000e\000n\000e\000r\000a\000l\000\040\000V\000i\000e\000w}{section.4}% 23
\BOOKMARK [2][-]{subsection.4.2}{\376\377\000U\000s\000e\000r\000\040\000v\000i\000e\000w}{section.4}% 24
\BOOKMARK [2][-]{subsection.4.3}{\376\377\000A\000d\000m\000i\000n\000\040\000v\000i\000e\000w}{section.4}% 25
